0 info it worked if it ends with ok
1 verbose cli [ 'C:\\Program Files\\nodejs\\node.exe',
1 verbose cli   'C:\\Program Files\\nodejs\\node_modules\\npm\\bin\\npm-cli.js',
1 verbose cli   'start' ]
2 info using npm@3.10.8
3 info using node@v6.9.1
4 verbose run-script [ 'prestart', 'start', 'poststart' ]
5 info lifecycle rocketcolosseum@1.0.0~prestart: rocketcolosseum@1.0.0
6 silly lifecycle rocketcolosseum@1.0.0~prestart: no script for prestart, continuing
7 info lifecycle rocketcolosseum@1.0.0~start: rocketcolosseum@1.0.0
8 verbose lifecycle rocketcolosseum@1.0.0~start: unsafe-perm in lifecycle true
9 verbose lifecycle rocketcolosseum@1.0.0~start: PATH: C:\Program Files\nodejs\node_modules\npm\bin\node-gyp-bin;C:\Users\User\Documents\Sites\Rocket Colosseum\node_modules\.bin;C:\WINDOWS\system32;C:\WINDOWS;C:\WINDOWS\system32\wbem;C:\WINDOWS\system32\windowspowershell\v1.0\;c:\program files (x86)\nvidia corporation\physx\common;c:\programdata\oracle\java\javapath;c:\program files (x86)\intel\icls client\;c:\program files\intel\icls client\;c:\program files\intel\intel(r) management engine components\dal;c:\program files\intel\intel(r) management engine components\ipt;c:\program files (x86)\intel\intel(r) management engine components\dal;c:\program files (x86)\intel\intel(r) management engine components\ipt;c:\program files (x86)\skype\phone\;c:\program files (x86)\gtksharp\2.12\bin;C:\Program Files\nodejs\;C:\Program Files (x86)\Heroku\bin;C:\Program Files (x86)\git\cmd;C:\Program Files\Git\cmd;C:\Users\User\AppData\Local\atom\bin;C:\Users\User\AppData\Local\Microsoft\WindowsApps;C:\Users\User\AppData\Roaming\npm;C:\Program Files\Heroku\bin
10 verbose lifecycle rocketcolosseum@1.0.0~start: CWD: C:\Users\User\Documents\Sites\Rocket Colosseum
11 silly lifecycle rocketcolosseum@1.0.0~start: Args: [ '/d /s /c', 'node server/app.js' ]
12 silly lifecycle rocketcolosseum@1.0.0~start: Returned: code: 1  signal: null
13 info lifecycle rocketcolosseum@1.0.0~start: Failed to exec start script
14 verbose stack Error: rocketcolosseum@1.0.0 start: `node server/app.js`
14 verbose stack Exit status 1
14 verbose stack     at EventEmitter.<anonymous> (C:\Program Files\nodejs\node_modules\npm\lib\utils\lifecycle.js:255:16)
14 verbose stack     at emitTwo (events.js:106:13)
14 verbose stack     at EventEmitter.emit (events.js:191:7)
14 verbose stack     at ChildProcess.<anonymous> (C:\Program Files\nodejs\node_modules\npm\lib\utils\spawn.js:40:14)
14 verbose stack     at emitTwo (events.js:106:13)
14 verbose stack     at ChildProcess.emit (events.js:191:7)
14 verbose stack     at maybeClose (internal/child_process.js:877:16)
14 verbose stack     at Process.ChildProcess._handle.onexit (internal/child_process.js:226:5)
15 verbose pkgid rocketcolosseum@1.0.0
16 verbose cwd C:\Users\User\Documents\Sites\Rocket Colosseum
17 error Windows_NT 10.0.14393
18 error argv "C:\\Program Files\\nodejs\\node.exe" "C:\\Program Files\\nodejs\\node_modules\\npm\\bin\\npm-cli.js" "start"
19 error node v6.9.1
20 error npm  v3.10.8
21 error code ELIFECYCLE
22 error rocketcolosseum@1.0.0 start: `node server/app.js`
22 error Exit status 1
23 error Failed at the rocketcolosseum@1.0.0 start script 'node server/app.js'.
23 error Make sure you have the latest version of node.js and npm installed.
23 error If you do, this is most likely a problem with the rocketcolosseum package,
23 error not with npm itself.
23 error Tell the author that this fails on your system:
23 error     node server/app.js
23 error You can get information on how to open an issue for this project with:
23 error     npm bugs rocketcolosseum
23 error Or if that isn't available, you can get their info via:
23 error     npm owner ls rocketcolosseum
23 error There is likely additional logging output above.
24 verbose exit [ 1, true ]
